build/app/outputs/mapping/release/seeds.txt
ke.plugin.afyasasa.MainActivity: MainActivity()
ke.plugin.afyasasa.MainActivity
...
com.google.android.gms.measurement.AppMeasurement$ConditionalUserProperty: java.lang.String mOrigin
com.google.gson.LongSerializationPolicy: com.google.gson.LongSerializationPolicy valueOf(java.lang.String)
com.google.android.gms.internal.measurement.zzbj$zzb: com.google.android.gms.internal.measurement.zzbj$zzb zzl
com.google.android.gms.internal.measurement.zzbr$zzd: com.google.android.gms.internal.measurement.zzbr$zzd zzf
io.flutter.plugin.platform.SingleViewPresentation: io.flutter.plugin.platform.AccessibilityEventsDelegate accessibilityEventsDelegate
com.google.firebase.heartbeatinfo.HeartBeatInfo$HeartBeat: com.google.firebase.heartbeatinfo.HeartBeatInfo$HeartBeat valueOf(java.lang.String)
io.flutter.embedding.engine.FlutterJNI: void updateSemantics(java.nio.ByteBuffer,java.lang.String[])
com.google.firebase.iid.FirebaseInstanceId: com.google.firebase.iid.FirebaseInstanceId getInstance(com.google.firebase.FirebaseApp)
com.google.firebase.iid.Registrar: Registrar()
io.flutter.embedding.engine.FlutterJNI: void onDisplayPlatformView(int,int,int,int,int,int,int,io.flutter.embedding.engine.mutatorsstack.FlutterMutatorsStack)
io.flutter.embedding.engine.FlutterJNI: void onRenderingStopped()
io.flutter.view.AccessibilityViewEmbedder: android.view.accessibility.AccessibilityNodeInfo convertToFlutterNode(android.view.accessibility.AccessibilityNodeInfo,int,android.view.View)
com.google.android.gms.measurement.internal.AppMeasurementDynamiteService: void getMaxUserProperties(java.lang.String,com.google.android.gms.internal.measurement.zzn)
com.google.android.gms.internal.measurement.zzbr$zzb: long zze
com.google.firebase.messaging.zzc: zzc()
com.google.android.gms.internal.measurement.zzbr$zzg: com.google.android.gms.internal.measurement.zzgx zzaw
com.google.android.gms.measurement.internal.AppMeasurementDynamiteService: void setMeasurementEnabled(boolean,long)
com.google.android.gms.base.R$drawable: int common_google_signin_btn_text_light_normal
com.google.firebase.firestore.DocumentSnapshot$ServerTimestampBehavior: com.google.firebase.firestore.DocumentSnapshot$ServerTimestampBehavior valueOf(java.lang.String)
com.google.android.gms.internal.measurement.zzbr$zzk
com.google.firestore.v1.Write$OperationCase: com.google.firestore.v1.Write$OperationCase[] values()
com.google.android.gms.internal.firebase_auth.zzfm: android.os.Parcelable$Creator CREATOR
io.flutter.embedding.engine.systemchannels.SettingsChannel$PlatformBrightness: io.flutter.embedding.engine.systemchannels.SettingsChannel$PlatformBrightness[] values()
com.google.firebase.analytics.FirebaseAnalytics: java.lang.String getFirebaseInstanceId()
com.google.android.gms.measurement.AppMeasurement$ConditionalUserProperty: long mTriggeredTimestamp
io.flutter.plugin.platform.SingleViewPresentation
io.flutter.embedding.engine.FlutterJNI: void setAccessibilityFeatures(int)
androidx.core.R$id: int accessibility_custom_action_3
com.google.android.gms.internal.measurement.zzbr$zzg
com.google.android.gms.internal.measurement.zzbr$zzg: java.lang.String zzau
io.grpc.internal.GzipInflatingBuffer$State: io.grpc.internal.GzipInflatingBuffer$State[] values()
com.google.android.gms.measurement.internal.AppMeasurementDynamiteService: void logEventAndBundle(java.lang.String,java.lang.String,android.os.Bundle,com.google.android.gms.internal.measurement.zzn,long)
com.google.android.gms.internal.measurement.zzbo$zza: com.google.android.gms.internal.measurement.zzbo$zza zzh
io.flutter.plugins.imagepicker.ImagePickerFileProvider: ImagePickerFileProvider()
com.google.firebase.iid.FirebaseInstanceIdReceiver
com.google.firebase.auth.GoogleAuthCredential: android.os.Parcelable$Creator CREATOR
com.google.firebase.auth.internal.zzu: android.os.Parcelable$Creator CREATOR
androidx.core.R$id: int accessibility_custom_action_28
io.flutter.view.AccessibilityViewEmbedder
com.google.android.gms.common.zzk: android.os.Parcelable$Creator CREATOR