build/app/outputs/mapping/release/mapping.txt
# compiler: R8
# compiler_version: 1.6.67
# min_api: 16
# pg_map_id: 1b0aefa
# common_typos_disable
...
com.google.common.math.IntMath$1 -> c.a.c.d.a$a:
    int[] $SwitchMap$java$math$RoundingMode -> a
com.google.common.math.LongMath -> c.a.c.d.b:
    long checkedAdd(long,long) -> a
com.google.common.math.MathPreconditions -> c.a.c.d.c:
    void checkNoOverflow(boolean,java.lang.String,long,long) -> a
    int checkPositive(java.lang.String,int) -> a
    void checkRoundingUnnecessary(boolean) -> a
com.google.common.util.concurrent.AbstractFuture -> c.a.c.e.a.a:
    com.google.common.util.concurrent.AbstractFuture$Listener listeners -> b
    java.lang.Object NULL -> g
    java.util.logging.Logger log -> e
    java.lang.Object value -> a
    com.google.common.util.concurrent.AbstractFuture$AtomicHelper ATOMIC_HELPER -> f
    boolean GENERATE_CANCELLATION_CAUSES -> d
    com.google.common.util.concurrent.AbstractFuture$Waiter waiters -> c
    java.lang.Object access$400(com.google.common.util.concurrent.AbstractFuture) -> a
    java.lang.Object access$402(com.google.common.util.concurrent.AbstractFuture,java.lang.Object) -> a
    java.lang.Object access$500(com.google.common.util.concurrent.ListenableFuture) -> a
    com.google.common.util.concurrent.AbstractFuture$Waiter access$802(com.google.common.util.concurrent.AbstractFuture,com.google.common.util.concurrent.AbstractFuture$Waiter) -> a
    com.google.common.util.concurrent.AbstractFuture$Listener access$902(com.google.common.util.concurrent.AbstractFuture,com.google.common.util.concurrent.AbstractFuture$Listener) -> a
    void addDoneString(java.lang.StringBuilder) -> a
    void afterDone() -> a
    java.util.concurrent.CancellationException cancellationExceptionWithCause(java.lang.String,java.lang.Throwable) -> a
    com.google.common.util.concurrent.AbstractFuture$Listener clearListeners(com.google.common.util.concurrent.AbstractFuture$Listener) -> a
com.google.common.util.concurrent.AbstractFuture$1 -> c.a.c.e.a.a$a:
com.google.common.util.concurrent.AbstractFuture$AtomicHelper -> c.a.c.e.a.a$b:
    boolean casListeners(com.google.common.util.concurrent.AbstractFuture,com.google.common.util.concurrent.AbstractFuture$Listener,com.google.common.util.concurrent.AbstractFuture$Listener) -> a
    boolean casValue(com.google.common.util.concurrent.AbstractFuture,java.lang.Object,java.lang.Object) -> a
    boolean casWaiters(com.google.common.util.concurrent.AbstractFuture,com.google.common.util.concurrent.AbstractFuture$Waiter,com.google.common.util.concurrent.AbstractFuture$Waiter) -> a
    void putNext(com.google.common.util.concurrent.AbstractFuture$Waiter,com.google.common.util.concurrent.AbstractFuture$Waiter) -> a
    void putThread(com.google.common.util.concurrent.AbstractFuture$Waiter,java.lang.Thread) -> a
com.google.common.util.concurrent.AbstractFuture$Cancellation -> c.a.c.e.a.a$c:
    java.lang.Throwable cause -> b
    com.google.common.util.concurrent.AbstractFuture$Cancellation CAUSELESS_INTERRUPTED -> c
    com.google.common.util.concurrent.AbstractFuture$Cancellation CAUSELESS_CANCELLED -> d
    boolean wasInterrupted -> a
com.google.common.util.concurrent.AbstractFuture$Failure -> c.a.c.e.a.a$d:
    java.lang.Throwable exception -> a
com.google.common.util.concurrent.AbstractFuture$Failure$1 -> c.a.c.e.a.a$d$a:
com.google.common.util.concurrent.AbstractFuture$Listener -> c.a.c.e.a.a$e:
    com.google.common.util.concurrent.AbstractFuture$Listener next -> c
    com.google.common.util.concurrent.AbstractFuture$Listener TOMBSTONE -> d
    java.util.concurrent.Executor executor -> b
    java.lang.Runnable task -> a