build/app/outputs/mapping/release/usage.txt
ke.plugin.afyasasa.R$color
ke.plugin.afyasasa.R$styleable
ke.plugin.afyasasa.BuildConfig
ke.plugin.afyasasa.R$layout
ke.plugin.afyasasa.R$dimen
ke.plugin.afyasasa.R$integer
ke.plugin.afyasasa.R$id
ke.plugin.afyasasa.R$string
ke.plugin.afyasasa.R$attr
ke.plugin.afyasasa.R$drawable
ke.plugin.afyasasa.R$mipmap
ke.plugin.afyasasa.R$xml
ke.plugin.afyasasa.R$style
ke.plugin.afyasasa.R
...
io.opencensus.trace.Span$Kind
com.google.common.util.concurrent.AbstractService$HasReachedRunningGuard
com.google.android.gms.internal.firebase_auth.zzkb
com.google.firestore.v1.StructuredQuery$CompositeFilter$Builder:
    public int getOpValue()
    public com.google.firestore.v1.StructuredQuery$CompositeFilter$Builder setOpValue(int)
    public com.google.firestore.v1.StructuredQuery$CompositeFilter$Operator getOp()
    public com.google.firestore.v1.StructuredQuery$CompositeFilter$Builder clearOp()
    public java.util.List getFiltersList()
    public int getFiltersCount()
    public com.google.firestore.v1.StructuredQuery$Filter getFilters(int)
    public com.google.firestore.v1.StructuredQuery$CompositeFilter$Builder setFilters(int,com.google.firestore.v1.StructuredQuery$Filter)
    public com.google.firestore.v1.StructuredQuery$CompositeFilter$Builder setFilters(int,com.google.firestore.v1.StructuredQuery$Filter$Builder)
    public com.google.firestore.v1.StructuredQuery$CompositeFilter$Builder addFilters(com.google.firestore.v1.StructuredQuery$Filter)
    public com.google.firestore.v1.StructuredQuery$CompositeFilter$Builder addFilters(int,com.google.firestore.v1.StructuredQuery$Filter)
    public com.google.firestore.v1.StructuredQuery$CompositeFilter$Builder addFilters(com.google.firestore.v1.StructuredQuery$Filter$Builder)
    public com.google.firestore.v1.StructuredQuery$CompositeFilter$Builder addFilters(int,com.google.firestore.v1.StructuredQuery$Filter$Builder)
    public com.google.firestore.v1.StructuredQuery$CompositeFilter$Builder clearFilters()
com.google.common.collect.RegularImmutableSortedMultiset
com.google.common.collect.Interners
androidx.fragment.app.FragmentManagerViewModel:
    void restoreFromSnapshot(androidx.fragment.app.FragmentManagerNonConfig)
    androidx.fragment.app.FragmentManagerNonConfig getSnapshot()
com.google.firebase.storage.StorageReference:
    public com.google.firebase.storage.StorageReference getRoot()
    public com.google.firebase.storage.UploadTask putFile(android.net.Uri)
    public com.google.firebase.storage.UploadTask putFile(android.net.Uri,com.google.firebase.storage.StorageMetadata,android.net.Uri)
    public com.google.firebase.storage.UploadTask putStream(java.io.InputStream)
    public com.google.firebase.storage.UploadTask putStream(java.io.InputStream,com.google.firebase.storage.StorageMetadata)
    public java.util.List getActiveUploadTasks()
    public java.util.List getActiveDownloadTasks()
    public com.google.firebase.storage.StreamDownloadTask getStream()
    public com.google.firebase.storage.StreamDownloadTask getStream(com.google.firebase.storage.StreamDownloadTask$StreamProcessor)
    private static final java.lang.String TAG
com.google.protobuf.NullValue$1
io.flutter.plugins.firebase.storage.R$drawable
com.google.protobuf.DescriptorProtos$UninterpretedOptionOrBuilder
androidx.lifecycle.LiveData$AlwaysActiveObserver
androidx.core.app.ActivityManagerCompat
com.google.common.base.Suppliers$SupplierComposition
com.google.android.gms.common.util.IOUtils:
    private void <init>()
    public static void closeQuietly(android.os.ParcelFileDescriptor)
    public static boolean isGzipByteBuffer(byte[])
    public static long copyStream(java.io.InputStream,java.io.OutputStream)
    private static long zza(java.io.InputStream,java.io.OutputStream,boolean)
    public static long copyStream(java.io.InputStream,java.io.OutputStream,boolean,int)
    public static byte[] readInputStreamFully(java.io.InputStream)
    public static byte[] readInputStreamFully(java.io.InputStream,boolean)
    public static byte[] toByteArray(java.io.InputStream)
com.google.common.hash.Hashing
com.google.common.base.Predicates$SubtypeOfPredicate
com.google.android.gms.internal.firebase_auth.zzeb:
    public final java.lang.String zza()
    public final java.lang.String zzb()
kotlin.collections.GroupingKt__GroupingJVMKt
io.opencensus.trace.export.AutoValue_SpanData_Links